<?xml version="1.0" encoding="UTF-8"?>
<testng-results skipped="0" failed="0" ignored="0" total="1" passed="1">
  <reporter-output>
  </reporter-output>
  <suite name="Default suite" duration-ms="1247" started-at="2019-04-04T04:13:45Z" finished-at="2019-04-04T04:13:46Z">
    <groups>
    </groups>
    <test name="Default test" duration-ms="1247" started-at="2019-04-04T04:13:45Z" finished-at="2019-04-04T04:13:46Z">
      <class name="qa.com.testCases.PostRequestTestCasesId_001">
        <test-method status="PASS" signature="responseTestcaseId_001()[pri:0, instance:qa.com.testCases.PostRequestTestCasesId_001@68c4039c]" name="responseTestcaseId_001" duration-ms="1223" started-at="2019-04-04T04:13:45Z" finished-at="2019-04-04T04:13:46Z">
          <reporter-output>
          </reporter-output>
        </test-method> <!-- responseTestcaseId_001 -->
      </class> <!-- qa.com.testCases.PostRequestTestCasesId_001 -->
    </test> <!-- Default test -->
  </suite> <!-- Default suite -->
</testng-results>
